2026-02-18T00:01:43.441+05:30  INFO 33336 --- [cart-service] [AsyncResolver-bootstrap-executor-%d] [                                                 ] c.n.d.s.r.aws.ConfigClusterResolver      : Resolving eureka endpoints via configuration
2026-02-18T00:06:43.626+05:30  INFO 33336 --- [cart-service] [AsyncResolver-bootstrap-executor-%d] [                                                 ] c.n.d.s.r.aws.ConfigClusterResolver      : Resolving eureka endpoints via configuration
2026-02-18T00:11:43.636+05:30  INFO 33336 --- [cart-service] [AsyncResolver-bootstrap-executor-%d] [                                                 ] c.n.d.s.r.aws.ConfigClusterResolver      : Resolving eureka endpoints via configuration
2026-02-18T00:16:43.641+05:30  INFO 33336 --- [cart-service] [AsyncResolver-bootstrap-executor-%d] [                                                 ] c.n.d.s.r.aws.ConfigClusterResolver      : Resolving eureka endpoints via configuration
2026-02-18T00:21:43.655+05:30  INFO 33336 --- [cart-service] [AsyncResolver-bootstrap-executor-%d] [                                                 ] c.n.d.s.r.aws.ConfigClusterResolver      : Resolving eureka endpoints via configuration
2026-02-18T00:22:53.561+05:30  INFO 33336 --- [cart-service] [http-nio-8084-exec-1] [                                                 ] o.a.c.c.C.[Tomcat].[localhost].[/]       : Initializing Spring DispatcherServlet 'dispatcherServlet'
2026-02-18T00:22:53.564+05:30  INFO 33336 --- [cart-service] [http-nio-8084-exec-1] [                                                 ] o.s.web.servlet.DispatcherServlet        : Initializing Servlet 'dispatcherServlet'
2026-02-18T00:22:53.668+05:30  INFO 33336 --- [cart-service] [http-nio-8084-exec-1] [                                                 ] o.s.web.servlet.DispatcherServlet        : Completed initialization in 103 ms
2026-02-18T00:22:53.989+05:30  INFO 33336 --- [cart-service] [http-nio-8084-exec-1] [6994b9059cc38ed21df9e3b36eeb32bd-1df9e3b36eeb32bd] c.e.cart.controller.CartController       : User ID is : 30890ee9-4a6b-4320-b806-207be472c0da
2026-02-18T00:26:43.663+05:30  INFO 33336 --- [cart-service] [AsyncResolver-bootstrap-executor-%d] [                                                 ] c.n.d.s.r.aws.ConfigClusterResolver      : Resolving eureka endpoints via configuration
2026-02-18T00:27:05.222+05:30  INFO 11052 --- [cart-service] [main] [                                                 ] com.ecommerce.cart.CartApplication       : Starting CartApplication using Java 24.0.1 with PID 11052 (C:\intellij\projects\ecom-application(micro-services)\cart\build\classes\java\main started by Aman in C:\intellij\projects\ecom-application(micro-services))
2026-02-18T00:27:05.230+05:30  INFO 11052 --- [cart-service] [main] [                                                 ] com.ecommerce.cart.CartApplication       : No active profile set, falling back to 1 default profile: "default"
2026-02-18T00:27:05.305+05:30  INFO 11052 --- [cart-service] [main] [                                                 ] o.s.c.c.c.ConfigServerConfigDataLoader   : Fetching config from server at : http://localhost:8888
2026-02-18T00:27:05.306+05:30  INFO 11052 --- [cart-service] [main] [                                                 ] o.s.c.c.c.ConfigServerConfigDataLoader   : Located environment: name=cart-service, profiles=[default], label=null, version=null, state=null
2026-02-18T00:27:06.900+05:30  INFO 11052 --- [cart-service] [main] [                                                 ] .s.d.r.c.RepositoryConfigurationDelegate : Bootstrapping Spring Data JPA repositories in DEFAULT mode.
2026-02-18T00:27:07.140+05:30  INFO 11052 --- [cart-service] [main] [                                                 ] .s.d.r.c.RepositoryConfigurationDelegate : Finished Spring Data repository scanning in 227 ms. Found 1 JPA repository interface.
2026-02-18T00:27:07.927+05:30  INFO 11052 --- [cart-service] [main] [                                                 ] o.s.cloud.context.scope.GenericScope     : BeanFactory id=400a8237-3b93-3b00-9899-5c5d4f5b254c
2026-02-18T00:27:09.182+05:30  INFO 11052 --- [cart-service] [main] [                                                 ] o.s.boot.tomcat.TomcatWebServer          : Tomcat initialized with port 8084 (http)
2026-02-18T00:27:09.204+05:30  INFO 11052 --- [cart-service] [main] [                                                 ] o.apache.catalina.core.StandardService   : Starting service [Tomcat]
2026-02-18T00:27:09.205+05:30  INFO 11052 --- [cart-service] [main] [                                                 ] o.apache.catalina.core.StandardEngine    : Starting Servlet engine: [Apache Tomcat/11.0.15]
2026-02-18T00:27:09.311+05:30  INFO 11052 --- [cart-service] [main] [                                                 ] b.w.c.s.WebApplicationContextInitializer : Root WebApplicationContext: initialization completed in 4001 ms
2026-02-18T00:27:10.498+05:30  INFO 11052 --- [cart-service] [main] [                                                 ] org.hibernate.orm.jpa                    : HHH008540: Processing PersistenceUnitInfo [name: default]
2026-02-18T00:27:10.595+05:30  INFO 11052 --- [cart-service] [main] [                                                 ] org.hibernate.orm.core                   : HHH000001: Hibernate ORM core version 7.2.1.Final
2026-02-18T00:27:11.499+05:30  INFO 11052 --- [cart-service] [main] [                                                 ] o.s.o.j.p.SpringPersistenceUnitInfo      : No LoadTimeWeaver setup: ignoring JPA class transformer
2026-02-18T00:27:11.564+05:30  INFO 11052 --- [cart-service] [main] [                                                 ] com.zaxxer.hikari.HikariDataSource       : HikariPool-1 - Starting...
2026-02-18T00:27:11.740+05:30  INFO 11052 --- [cart-service] [main] [                                                 ] com.zaxxer.hikari.pool.HikariPool        : HikariPool-1 - Added connection org.postgresql.jdbc.PgConnection@2be49c8c
2026-02-18T00:27:11.742+05:30  INFO 11052 --- [cart-service] [main] [                                                 ] com.zaxxer.hikari.HikariDataSource       : HikariPool-1 - Start completed.
2026-02-18T00:27:11.798+05:30  WARN 11052 --- [cart-service] [main] [                                                 ] org.hibernate.orm.deprecation            : HHH90000025: PostgreSQLDialect does not need to be specified explicitly using 'hibernate.dialect' (remove the property setting and it will be selected by default)
2026-02-18T00:27:11.831+05:30  INFO 11052 --- [cart-service] [main] [                                                 ] org.hibernate.orm.connections.pooling    : HHH10001005: Database info:
	Database JDBC URL [jdbc:postgresql://localhost:5432/cart]
	Database driver: PostgreSQL JDBC Driver
	Database dialect: PostgreSQLDialect
	Database version: 14.19
	Default catalog/schema: cart/public
	Autocommit mode: undefined/unknown
	Isolation level: READ_COMMITTED [default READ_COMMITTED]
	JDBC fetch size: none
	Pool: DataSourceConnectionProvider
	Minimum pool size: undefined/unknown
	Maximum pool size: undefined/unknown
2026-02-18T00:27:12.808+05:30  INFO 11052 --- [cart-service] [main] [                                                 ] org.hibernate.orm.core                   : HHH000489: No JTA platform available (set 'hibernate.transaction.jta.platform' to enable JTA platform integration)
2026-02-18T00:27:12.902+05:30  INFO 11052 --- [cart-service] [main] [                                                 ] j.LocalContainerEntityManagerFactoryBean : Initialized JPA EntityManagerFactory for persistence unit 'default'
2026-02-18T00:27:13.132+05:30  INFO 11052 --- [cart-service] [main] [                                                 ] o.s.d.j.r.query.QueryEnhancerFactories   : Hibernate is in classpath; If applicable, HQL parser will be used.
2026-02-18T00:27:14.314+05:30  WARN 11052 --- [cart-service] [main] [                                                 ] JpaBaseConfiguration$JpaWebConfiguration : spring.jpa.open-in-view is enabled by default. Therefore, database queries may be performed during view rendering. Explicitly configure spring.jpa.open-in-view to disable this warning
2026-02-18T00:27:16.289+05:30  INFO 11052 --- [cart-service] [main] [                                                 ] DiscoveryClientOptionalArgsConfiguration : Eureka HTTP Client uses RestClient.
2026-02-18T00:27:16.363+05:30  WARN 11052 --- [cart-service] [main] [                                                 ] iguration$LoadBalancerCaffeineWarnLogger : Spring Cloud LoadBalancer is currently working with the default cache. While this cache implementation is useful for development and tests, it's recommended to use Caffeine cache in production.You can switch to using Caffeine cache, by adding it and org.springframework.cache.caffeine.CaffeineCacheManager to the classpath.
2026-02-18T00:27:16.371+05:30  INFO 11052 --- [cart-service] [main] [                                                 ] o.s.b.a.e.web.EndpointLinksResolver      : Exposing 28 endpoints beneath base path '/actuator'
2026-02-18T00:27:16.444+05:30  INFO 11052 --- [cart-service] [main] [                                                 ] o.s.c.n.eureka.InstanceInfoFactory       : Setting initial instance status as: STARTING
2026-02-18T00:27:16.469+05:30  INFO 11052 --- [cart-service] [main] [                                                 ] com.netflix.discovery.DiscoveryClient    : Initializing Eureka in region us-east-1
2026-02-18T00:27:16.472+05:30  INFO 11052 --- [cart-service] [main] [                                                 ] c.n.d.s.r.aws.ConfigClusterResolver      : Resolving eureka endpoints via configuration
2026-02-18T00:27:16.481+05:30  INFO 11052 --- [cart-service] [main] [                                                 ] com.netflix.discovery.DiscoveryClient    : Disable delta property : false
2026-02-18T00:27:16.482+05:30  INFO 11052 --- [cart-service] [main] [                                                 ] com.netflix.discovery.DiscoveryClient    : Single vip registry refresh property : null
2026-02-18T00:27:16.482+05:30  INFO 11052 --- [cart-service] [main] [                                                 ] com.netflix.discovery.DiscoveryClient    : Force full registry fetch : false
2026-02-18T00:27:16.482+05:30  INFO 11052 --- [cart-service] [main] [                                                 ] com.netflix.discovery.DiscoveryClient    : Application is null : false
2026-02-18T00:27:16.482+05:30  INFO 11052 --- [cart-service] [main] [                                                 ] com.netflix.discovery.DiscoveryClient    : Registered Applications size is zero : true
2026-02-18T00:27:16.482+05:30  INFO 11052 --- [cart-service] [main] [                                                 ] com.netflix.discovery.DiscoveryClient    : Application version is -1: true
2026-02-18T00:27:16.483+05:30  INFO 11052 --- [cart-service] [main] [                                                 ] com.netflix.discovery.DiscoveryClient    : Getting all instance registry info from the eureka server
2026-02-18T00:27:16.760+05:30  INFO 11052 --- [cart-service] [main] [                                                 ] com.netflix.discovery.DiscoveryClient    : The response status is 200
2026-02-18T00:27:16.766+05:30  INFO 11052 --- [cart-service] [main] [                                                 ] com.netflix.discovery.DiscoveryClient    : Starting heartbeat executor: renew interval is: 30
2026-02-18T00:27:16.768+05:30  INFO 11052 --- [cart-service] [main] [                                                 ] c.n.discovery.InstanceInfoReplicator     : InstanceInfoReplicator onDemand update allowed rate per min is 4
2026-02-18T00:27:16.771+05:30  INFO 11052 --- [cart-service] [main] [                                                 ] com.netflix.discovery.DiscoveryClient    : Discovery Client initialized at timestamp 1771354636770 with initial instances count: 6
2026-02-18T00:27:16.781+05:30  INFO 11052 --- [cart-service] [main] [                                                 ] o.s.c.n.e.s.EurekaServiceRegistry        : Registering application CART-SERVICE with eureka with status UP
2026-02-18T00:27:16.782+05:30  INFO 11052 --- [cart-service] [main] [                                                 ] com.netflix.discovery.DiscoveryClient    : Saw local status change event StatusChangeEvent [timestamp=1771354636782, current=UP, previous=STARTING]
2026-02-18T00:27:16.784+05:30  INFO 11052 --- [cart-service] [DiscoveryClient-InstanceInfoReplicator-%d] [                                                 ] com.netflix.discovery.DiscoveryClient    : DiscoveryClient_CART-SERVICE/LAPTOP-QRIN86LF.mshome.net:cart-service:8084: registering service...
2026-02-18T00:27:16.798+05:30  INFO 11052 --- [cart-service] [main] [                                                 ] o.s.boot.tomcat.TomcatWebServer          : Tomcat started on port 8084 (http) with context path '/'
2026-02-18T00:27:16.800+05:30  INFO 11052 --- [cart-service] [main] [                                                 ] .s.c.n.e.s.EurekaAutoServiceRegistration : Updating port to 8084
2026-02-18T00:27:16.825+05:30  INFO 11052 --- [cart-service] [main] [                                                 ] com.ecommerce.cart.CartApplication       : Started CartApplication in 13.263 seconds (process running for 14.272)
2026-02-18T00:27:16.897+05:30  INFO 11052 --- [cart-service] [DiscoveryClient-InstanceInfoReplicator-%d] [                                                 ] com.netflix.discovery.DiscoveryClient    : DiscoveryClient_CART-SERVICE/LAPTOP-QRIN86LF.mshome.net:cart-service:8084 - registration status: 204
2026-02-18T00:27:27.230+05:30  INFO 11052 --- [cart-service] [http-nio-8084-exec-1] [                                                 ] o.a.c.c.C.[Tomcat].[localhost].[/]       : Initializing Spring DispatcherServlet 'dispatcherServlet'
2026-02-18T00:27:27.230+05:30  INFO 11052 --- [cart-service] [http-nio-8084-exec-1] [                                                 ] o.s.web.servlet.DispatcherServlet        : Initializing Servlet 'dispatcherServlet'
2026-02-18T00:27:27.232+05:30  INFO 11052 --- [cart-service] [http-nio-8084-exec-1] [                                                 ] o.s.web.servlet.DispatcherServlet        : Completed initialization in 1 ms
2026-02-18T00:27:27.316+05:30  INFO 11052 --- [cart-service] [http-nio-8084-exec-1] [6994ba17cb6276bec88b190256723518-c88b190256723518] c.e.cart.controller.CartController       : User ID is : 30890ee9-4a6b-4320-b806-207be472c0da
2026-02-18T00:32:16.486+05:30  INFO 11052 --- [cart-service] [AsyncResolver-bootstrap-executor-%d] [                                                 ] c.n.d.s.r.aws.ConfigClusterResolver      : Resolving eureka endpoints via configuration
2026-02-18T00:33:26.501+05:30  INFO 36224 --- [cart-service] [main] [                                                 ] com.ecommerce.cart.CartApplication       : Starting CartApplication using Java 24.0.1 with PID 36224 (C:\intellij\projects\ecom-application(micro-services)\cart\build\classes\java\main started by Aman in C:\intellij\projects\ecom-application(micro-services))
2026-02-18T00:33:26.510+05:30  INFO 36224 --- [cart-service] [main] [                                                 ] com.ecommerce.cart.CartApplication       : No active profile set, falling back to 1 default profile: "default"
2026-02-18T00:33:26.584+05:30  INFO 36224 --- [cart-service] [main] [                                                 ] o.s.c.c.c.ConfigServerConfigDataLoader   : Fetching config from server at : http://localhost:8888
2026-02-18T00:33:26.585+05:30  INFO 36224 --- [cart-service] [main] [                                                 ] o.s.c.c.c.ConfigServerConfigDataLoader   : Located environment: name=cart-service, profiles=[default], label=null, version=null, state=null
2026-02-18T00:33:27.928+05:30  INFO 36224 --- [cart-service] [main] [                                                 ] .s.d.r.c.RepositoryConfigurationDelegate : Bootstrapping Spring Data JPA repositories in DEFAULT mode.
2026-02-18T00:33:28.095+05:30  INFO 36224 --- [cart-service] [main] [                                                 ] .s.d.r.c.RepositoryConfigurationDelegate : Finished Spring Data repository scanning in 149 ms. Found 1 JPA repository interface.
2026-02-18T00:33:28.694+05:30  INFO 36224 --- [cart-service] [main] [                                                 ] o.s.cloud.context.scope.GenericScope     : BeanFactory id=400a8237-3b93-3b00-9899-5c5d4f5b254c
2026-02-18T00:33:29.642+05:30  INFO 36224 --- [cart-service] [main] [                                                 ] o.s.boot.tomcat.TomcatWebServer          : Tomcat initialized with port 8084 (http)
2026-02-18T00:33:29.656+05:30  INFO 36224 --- [cart-service] [main] [                                                 ] o.apache.catalina.core.StandardService   : Starting service [Tomcat]
2026-02-18T00:33:29.657+05:30  INFO 36224 --- [cart-service] [main] [                                                 ] o.apache.catalina.core.StandardEngine    : Starting Servlet engine: [Apache Tomcat/11.0.15]
2026-02-18T00:33:29.741+05:30  INFO 36224 --- [cart-service] [main] [                                                 ] b.w.c.s.WebApplicationContextInitializer : Root WebApplicationContext: initialization completed in 3151 ms
2026-02-18T00:33:30.817+05:30  INFO 36224 --- [cart-service] [main] [                                                 ] org.hibernate.orm.jpa                    : HHH008540: Processing PersistenceUnitInfo [name: default]
2026-02-18T00:33:30.919+05:30  INFO 36224 --- [cart-service] [main] [                                                 ] org.hibernate.orm.core                   : HHH000001: Hibernate ORM core version 7.2.1.Final
2026-02-18T00:33:31.458+05:30  INFO 36224 --- [cart-service] [main] [                                                 ] o.s.o.j.p.SpringPersistenceUnitInfo      : No LoadTimeWeaver setup: ignoring JPA class transformer
2026-02-18T00:33:31.492+05:30  INFO 36224 --- [cart-service] [main] [                                                 ] com.zaxxer.hikari.HikariDataSource       : HikariPool-1 - Starting...
2026-02-18T00:33:31.603+05:30  INFO 36224 --- [cart-service] [main] [                                                 ] com.zaxxer.hikari.pool.HikariPool        : HikariPool-1 - Added connection org.postgresql.jdbc.PgConnection@2140de63
2026-02-18T00:33:31.604+05:30  INFO 36224 --- [cart-service] [main] [                                                 ] com.zaxxer.hikari.HikariDataSource       : HikariPool-1 - Start completed.
2026-02-18T00:33:31.636+05:30  WARN 36224 --- [cart-service] [main] [                                                 ] org.hibernate.orm.deprecation            : HHH90000025: PostgreSQLDialect does not need to be specified explicitly using 'hibernate.dialect' (remove the property setting and it will be selected by default)
2026-02-18T00:33:31.664+05:30  INFO 36224 --- [cart-service] [main] [                                                 ] org.hibernate.orm.connections.pooling    : HHH10001005: Database info:
	Database JDBC URL [jdbc:postgresql://localhost:5432/cart]
	Database driver: PostgreSQL JDBC Driver
	Database dialect: PostgreSQLDialect
	Database version: 14.19
	Default catalog/schema: cart/public
	Autocommit mode: undefined/unknown
	Isolation level: READ_COMMITTED [default READ_COMMITTED]
	JDBC fetch size: none
	Pool: DataSourceConnectionProvider
	Minimum pool size: undefined/unknown
	Maximum pool size: undefined/unknown
2026-02-18T00:33:32.546+05:30  INFO 36224 --- [cart-service] [main] [                                                 ] org.hibernate.orm.core                   : HHH000489: No JTA platform available (set 'hibernate.transaction.jta.platform' to enable JTA platform integration)
2026-02-18T00:33:32.599+05:30  INFO 36224 --- [cart-service] [main] [                                                 ] j.LocalContainerEntityManagerFactoryBean : Initialized JPA EntityManagerFactory for persistence unit 'default'
2026-02-18T00:33:32.763+05:30  INFO 36224 --- [cart-service] [main] [                                                 ] o.s.d.j.r.query.QueryEnhancerFactories   : Hibernate is in classpath; If applicable, HQL parser will be used.
2026-02-18T00:33:33.475+05:30  WARN 36224 --- [cart-service] [main] [                                                 ] JpaBaseConfiguration$JpaWebConfiguration : spring.jpa.open-in-view is enabled by default. Therefore, database queries may be performed during view rendering. Explicitly configure spring.jpa.open-in-view to disable this warning
2026-02-18T00:33:35.410+05:30  INFO 36224 --- [cart-service] [main] [                                                 ] DiscoveryClientOptionalArgsConfiguration : Eureka HTTP Client uses RestClient.
2026-02-18T00:33:35.478+05:30  WARN 36224 --- [cart-service] [main] [                                                 ] iguration$LoadBalancerCaffeineWarnLogger : Spring Cloud LoadBalancer is currently working with the default cache. While this cache implementation is useful for development and tests, it's recommended to use Caffeine cache in production.You can switch to using Caffeine cache, by adding it and org.springframework.cache.caffeine.CaffeineCacheManager to the classpath.
2026-02-18T00:33:35.489+05:30  INFO 36224 --- [cart-service] [main] [                                                 ] o.s.b.a.e.web.EndpointLinksResolver      : Exposing 28 endpoints beneath base path '/actuator'
2026-02-18T00:33:35.581+05:30  INFO 36224 --- [cart-service] [main] [                                                 ] o.s.c.n.eureka.InstanceInfoFactory       : Setting initial instance status as: STARTING
2026-02-18T00:33:35.610+05:30  INFO 36224 --- [cart-service] [main] [                                                 ] com.netflix.discovery.DiscoveryClient    : Initializing Eureka in region us-east-1
2026-02-18T00:33:35.614+05:30  INFO 36224 --- [cart-service] [main] [                                                 ] c.n.d.s.r.aws.ConfigClusterResolver      : Resolving eureka endpoints via configuration
2026-02-18T00:33:35.624+05:30  INFO 36224 --- [cart-service] [main] [                                                 ] com.netflix.discovery.DiscoveryClient    : Disable delta property : false
2026-02-18T00:33:35.624+05:30  INFO 36224 --- [cart-service] [main] [                                                 ] com.netflix.discovery.DiscoveryClient    : Single vip registry refresh property : null
2026-02-18T00:33:35.624+05:30  INFO 36224 --- [cart-service] [main] [                                                 ] com.netflix.discovery.DiscoveryClient    : Force full registry fetch : false
2026-02-18T00:33:35.624+05:30  INFO 36224 --- [cart-service] [main] [                                                 ] com.netflix.discovery.DiscoveryClient    : Application is null : false
2026-02-18T00:33:35.624+05:30  INFO 36224 --- [cart-service] [main] [                                                 ] com.netflix.discovery.DiscoveryClient    : Registered Applications size is zero : true
2026-02-18T00:33:35.624+05:30  INFO 36224 --- [cart-service] [main] [                                                 ] com.netflix.discovery.DiscoveryClient    : Application version is -1: true
2026-02-18T00:33:35.624+05:30  INFO 36224 --- [cart-service] [main] [                                                 ] com.netflix.discovery.DiscoveryClient    : Getting all instance registry info from the eureka server
2026-02-18T00:33:35.826+05:30  INFO 36224 --- [cart-service] [main] [                                                 ] com.netflix.discovery.DiscoveryClient    : The response status is 200
2026-02-18T00:33:35.830+05:30  INFO 36224 --- [cart-service] [main] [                                                 ] com.netflix.discovery.DiscoveryClient    : Starting heartbeat executor: renew interval is: 30
2026-02-18T00:33:35.831+05:30  INFO 36224 --- [cart-service] [main] [                                                 ] c.n.discovery.InstanceInfoReplicator     : InstanceInfoReplicator onDemand update allowed rate per min is 4
2026-02-18T00:33:35.832+05:30  INFO 36224 --- [cart-service] [main] [                                                 ] com.netflix.discovery.DiscoveryClient    : Discovery Client initialized at timestamp 1771355015832 with initial instances count: 6
2026-02-18T00:33:35.840+05:30  INFO 36224 --- [cart-service] [main] [                                                 ] o.s.c.n.e.s.EurekaServiceRegistry        : Registering application CART-SERVICE with eureka with status UP
2026-02-18T00:33:35.840+05:30  INFO 36224 --- [cart-service] [main] [                                                 ] com.netflix.discovery.DiscoveryClient    : Saw local status change event StatusChangeEvent [timestamp=1771355015840, current=UP, previous=STARTING]
2026-02-18T00:33:35.841+05:30  INFO 36224 --- [cart-service] [DiscoveryClient-InstanceInfoReplicator-%d] [                                                 ] com.netflix.discovery.DiscoveryClient    : DiscoveryClient_CART-SERVICE/LAPTOP-QRIN86LF.mshome.net:cart-service:8084: registering service...
2026-02-18T00:33:35.860+05:30  INFO 36224 --- [cart-service] [main] [                                                 ] o.s.boot.tomcat.TomcatWebServer          : Tomcat started on port 8084 (http) with context path '/'
2026-02-18T00:33:35.861+05:30  INFO 36224 --- [cart-service] [main] [                                                 ] .s.c.n.e.s.EurekaAutoServiceRegistration : Updating port to 8084
2026-02-18T00:33:35.880+05:30  INFO 36224 --- [cart-service] [main] [                                                 ] com.ecommerce.cart.CartApplication       : Started CartApplication in 10.658 seconds (process running for 11.32)
2026-02-18T00:33:35.902+05:30  INFO 36224 --- [cart-service] [DiscoveryClient-InstanceInfoReplicator-%d] [                                                 ] com.netflix.discovery.DiscoveryClient    : DiscoveryClient_CART-SERVICE/LAPTOP-QRIN86LF.mshome.net:cart-service:8084 - registration status: 204
2026-02-18T00:36:06.802+05:30  INFO 36224 --- [cart-service] [http-nio-8084-exec-1] [                                                 ] o.a.c.c.C.[Tomcat].[localhost].[/]       : Initializing Spring DispatcherServlet 'dispatcherServlet'
2026-02-18T00:36:06.802+05:30  INFO 36224 --- [cart-service] [http-nio-8084-exec-1] [                                                 ] o.s.web.servlet.DispatcherServlet        : Initializing Servlet 'dispatcherServlet'
2026-02-18T00:36:06.805+05:30  INFO 36224 --- [cart-service] [http-nio-8084-exec-1] [                                                 ] o.s.web.servlet.DispatcherServlet        : Completed initialization in 3 ms
2026-02-18T00:36:06.899+05:30  INFO 36224 --- [cart-service] [http-nio-8084-exec-1] [6994bc1e832a2fee04920a1784bef3ed-04920a1784bef3ed] c.e.cart.controller.CartController       : User ID is : 30890ee9-4a6b-4320-b806-207be472c0da
2026-02-18T00:37:34.540+05:30  INFO 36224 --- [cart-service] [http-nio-8084-exec-8] [6994bc766f1151ae8ac9bdd2e6d6c63a-8ac9bdd2e6d6c63a] c.e.cart.controller.CartController       : User ID is : 30890ee9-4a6b-4320-b806-207be472c0da
2026-02-18T00:37:58.149+05:30  INFO 36224 --- [cart-service] [http-nio-8084-exec-5] [6994bc8e3bb20995078b048fa214c367-078b048fa214c367] c.e.cart.controller.CartController       : User ID is : 30890ee9-4a6b-4320-b806-207be472c0da
2026-02-18T00:38:35.627+05:30  INFO 36224 --- [cart-service] [AsyncResolver-bootstrap-executor-%d] [                                                 ] c.n.d.s.r.aws.ConfigClusterResolver      : Resolving eureka endpoints via configuration
2026-02-18T00:43:35.639+05:30  INFO 36224 --- [cart-service] [AsyncResolver-bootstrap-executor-%d] [                                                 ] c.n.d.s.r.aws.ConfigClusterResolver      : Resolving eureka endpoints via configuration
