2026-02-18T00:01:02.671+05:30  INFO 20908 --- [user-service] [AsyncResolver-bootstrap-executor-%d] [                                                 ] c.n.d.s.r.aws.ConfigClusterResolver      : Resolving eureka endpoints via configuration
2026-02-18T00:06:02.770+05:30  INFO 20908 --- [user-service] [AsyncResolver-bootstrap-executor-%d] [                                                 ] c.n.d.s.r.aws.ConfigClusterResolver      : Resolving eureka endpoints via configuration
2026-02-18T00:11:02.786+05:30  INFO 20908 --- [user-service] [AsyncResolver-bootstrap-executor-%d] [                                                 ] c.n.d.s.r.aws.ConfigClusterResolver      : Resolving eureka endpoints via configuration
2026-02-18T00:16:02.792+05:30  INFO 20908 --- [user-service] [AsyncResolver-bootstrap-executor-%d] [                                                 ] c.n.d.s.r.aws.ConfigClusterResolver      : Resolving eureka endpoints via configuration
2026-02-18T00:21:02.801+05:30  INFO 20908 --- [user-service] [AsyncResolver-bootstrap-executor-%d] [                                                 ] c.n.d.s.r.aws.ConfigClusterResolver      : Resolving eureka endpoints via configuration
2026-02-18T00:26:02.803+05:30  INFO 20908 --- [user-service] [AsyncResolver-bootstrap-executor-%d] [                                                 ] c.n.d.s.r.aws.ConfigClusterResolver      : Resolving eureka endpoints via configuration
2026-02-18T00:31:02.817+05:30  INFO 20908 --- [user-service] [AsyncResolver-bootstrap-executor-%d] [                                                 ] c.n.d.s.r.aws.ConfigClusterResolver      : Resolving eureka endpoints via configuration
2026-02-18T00:33:10.319+05:30  WARN 20908 --- [user-service] [AMQP Connection 44.223.162.67:5672] [                                                 ] c.r.c.impl.ForgivingExceptionHandler     : An unexpected connection driver error occurred (Exception message: Connection reset)
2026-02-18T00:33:11.205+05:30  WARN 20908 --- [user-service] [springCloudBus.anonymous.3Z6vZnyIRtyEkAlzAWQAcQ-1] [                                                 ] o.s.a.r.l.SimpleMessageListenerContainer : Consumer raised exception, processing can restart if the connection factory supports it

com.rabbitmq.client.ShutdownSignalException: connection error
	at com.rabbitmq.client.impl.AMQConnection.startShutdown(AMQConnection.java:1007) ~[amqp-client-5.25.0.jar:5.25.0]
	at com.rabbitmq.client.impl.AMQConnection.shutdown(AMQConnection.java:997) ~[amqp-client-5.25.0.jar:5.25.0]
	at com.rabbitmq.client.impl.AMQConnection.handleFailure(AMQConnection.java:801) ~[amqp-client-5.25.0.jar:5.25.0]
	at com.rabbitmq.client.impl.AMQConnection.access$500(AMQConnection.java:48) ~[amqp-client-5.25.0.jar:5.25.0]
	at com.rabbitmq.client.impl.AMQConnection$MainLoop.run(AMQConnection.java:696) ~[amqp-client-5.25.0.jar:5.25.0]
	at java.base/java.lang.Thread.run(Thread.java:1447) ~[na:na]
Caused by: java.net.SocketException: Connection reset
	at java.base/sun.nio.ch.NioSocketImpl.implRead(NioSocketImpl.java:317) ~[na:na]
	at java.base/sun.nio.ch.NioSocketImpl.read(NioSocketImpl.java:345) ~[na:na]
	at java.base/sun.nio.ch.NioSocketImpl$1.read(NioSocketImpl.java:790) ~[na:na]
	at java.base/java.net.Socket$SocketInputStream.implRead(Socket.java:983) ~[na:na]
	at java.base/java.net.Socket$SocketInputStream.read(Socket.java:970) ~[na:na]
	at java.base/java.io.BufferedInputStream.fill(BufferedInputStream.java:289) ~[na:na]
	at java.base/java.io.BufferedInputStream.read(BufferedInputStream.java:308) ~[na:na]
	at java.base/java.io.DataInputStream.readUnsignedByte(DataInputStream.java:300) ~[na:na]
	at com.rabbitmq.client.impl.Frame.readFrom(Frame.java:91) ~[amqp-client-5.25.0.jar:5.25.0]
	at com.rabbitmq.client.impl.SocketFrameHandler.readFrame(SocketFrameHandler.java:199) ~[amqp-client-5.25.0.jar:5.25.0]
	at com.rabbitmq.client.impl.AMQConnection$MainLoop.run(AMQConnection.java:687) ~[amqp-client-5.25.0.jar:5.25.0]
	... 1 common frames omitted

2026-02-18T00:33:11.288+05:30  INFO 20908 --- [user-service] [springCloudBus.anonymous.3Z6vZnyIRtyEkAlzAWQAcQ-1] [                                                 ] o.s.a.r.l.SimpleMessageListenerContainer : Restarting Consumer@354a1239: tags=[[amq.ctag-lWJH2ideRp1ZKPuYQlBVgQ]], channel=Cached Rabbit Channel: AMQChannel(amqp://vbctqygy@44.223.162.67:5672/vbctqygy,1), conn: Proxy@10395bc4 Shared Rabbit Connection: SimpleConnection@44189797 [delegate=amqp://vbctqygy@44.223.162.67:5672/vbctqygy, localPort=56969], acknowledgeMode=AUTO local queue size=0
2026-02-18T00:33:11.320+05:30  INFO 20908 --- [user-service] [springCloudBus.anonymous.3Z6vZnyIRtyEkAlzAWQAcQ-2] [                                                 ] o.s.a.r.c.CachingConnectionFactory       : Attempting to connect to: [moose.rmq.cloudamqp.com:5672]
2026-02-18T00:33:12.531+05:30  INFO 20908 --- [user-service] [springCloudBus.anonymous.3Z6vZnyIRtyEkAlzAWQAcQ-2] [                                                 ] o.s.a.r.c.CachingConnectionFactory       : Created new connection: rabbitConnectionFactory#ebbbe20:1/SimpleConnection@612b966c [delegate=amqp://vbctqygy@44.223.162.67:5672/vbctqygy, localPort=51984]
2026-02-18T00:33:12.539+05:30  INFO 20908 --- [user-service] [springCloudBus.anonymous.3Z6vZnyIRtyEkAlzAWQAcQ-2] [                                                 ] o.s.amqp.rabbit.core.RabbitAdmin         : Auto-declaring a non-durable, auto-delete, or exclusive Queue (springCloudBus.anonymous.3Z6vZnyIRtyEkAlzAWQAcQ) durable:false, auto-delete:true, exclusive:true. It will be redeclared if the broker stops and is restarted while the connection factory is alive, but all messages will be lost.
2026-02-18T00:34:44.745+05:30  WARN 20908 --- [user-service] [AMQP Connection 44.223.162.67:5672] [                                                 ] c.r.c.impl.ForgivingExceptionHandler     : An unexpected connection driver error occurred (Exception message: Connection reset)
2026-02-18T00:34:45.340+05:30  WARN 20908 --- [user-service] [springCloudBus.anonymous.3Z6vZnyIRtyEkAlzAWQAcQ-2] [                                                 ] o.s.a.r.l.SimpleMessageListenerContainer : Consumer raised exception, processing can restart if the connection factory supports it

com.rabbitmq.client.ShutdownSignalException: connection error
	at com.rabbitmq.client.impl.AMQConnection.startShutdown(AMQConnection.java:1007) ~[amqp-client-5.25.0.jar:5.25.0]
	at com.rabbitmq.client.impl.AMQConnection.shutdown(AMQConnection.java:997) ~[amqp-client-5.25.0.jar:5.25.0]
	at com.rabbitmq.client.impl.AMQConnection.handleFailure(AMQConnection.java:801) ~[amqp-client-5.25.0.jar:5.25.0]
	at com.rabbitmq.client.impl.AMQConnection.access$500(AMQConnection.java:48) ~[amqp-client-5.25.0.jar:5.25.0]
	at com.rabbitmq.client.impl.AMQConnection$MainLoop.run(AMQConnection.java:696) ~[amqp-client-5.25.0.jar:5.25.0]
	at java.base/java.lang.Thread.run(Thread.java:1447) ~[na:na]
Caused by: java.net.SocketException: Connection reset
	at java.base/sun.nio.ch.NioSocketImpl.implRead(NioSocketImpl.java:317) ~[na:na]
	at java.base/sun.nio.ch.NioSocketImpl.read(NioSocketImpl.java:345) ~[na:na]
	at java.base/sun.nio.ch.NioSocketImpl$1.read(NioSocketImpl.java:790) ~[na:na]
	at java.base/java.net.Socket$SocketInputStream.implRead(Socket.java:983) ~[na:na]
	at java.base/java.net.Socket$SocketInputStream.read(Socket.java:970) ~[na:na]
	at java.base/java.io.BufferedInputStream.fill(BufferedInputStream.java:289) ~[na:na]
	at java.base/java.io.BufferedInputStream.read(BufferedInputStream.java:308) ~[na:na]
	at java.base/java.io.DataInputStream.readUnsignedByte(DataInputStream.java:300) ~[na:na]
	at com.rabbitmq.client.impl.Frame.readFrom(Frame.java:91) ~[amqp-client-5.25.0.jar:5.25.0]
	at com.rabbitmq.client.impl.SocketFrameHandler.readFrame(SocketFrameHandler.java:199) ~[amqp-client-5.25.0.jar:5.25.0]
	at com.rabbitmq.client.impl.AMQConnection$MainLoop.run(AMQConnection.java:687) ~[amqp-client-5.25.0.jar:5.25.0]
	... 1 common frames omitted

2026-02-18T00:34:45.345+05:30  INFO 20908 --- [user-service] [springCloudBus.anonymous.3Z6vZnyIRtyEkAlzAWQAcQ-2] [                                                 ] o.s.a.r.l.SimpleMessageListenerContainer : Restarting Consumer@71f3704b: tags=[[amq.ctag-ZVWg-zmj8AVZ640EgwaFtQ]], channel=Cached Rabbit Channel: AMQChannel(amqp://vbctqygy@44.223.162.67:5672/vbctqygy,2), conn: Proxy@10395bc4 Shared Rabbit Connection: SimpleConnection@612b966c [delegate=amqp://vbctqygy@44.223.162.67:5672/vbctqygy, localPort=51984], acknowledgeMode=AUTO local queue size=0
2026-02-18T00:34:45.348+05:30  INFO 20908 --- [user-service] [springCloudBus.anonymous.3Z6vZnyIRtyEkAlzAWQAcQ-3] [                                                 ] o.s.a.r.c.CachingConnectionFactory       : Attempting to connect to: [moose.rmq.cloudamqp.com:5672]
2026-02-18T00:34:46.567+05:30  INFO 20908 --- [user-service] [springCloudBus.anonymous.3Z6vZnyIRtyEkAlzAWQAcQ-3] [                                                 ] o.s.a.r.c.CachingConnectionFactory       : Created new connection: rabbitConnectionFactory#ebbbe20:2/SimpleConnection@2e277ebf [delegate=amqp://vbctqygy@44.223.162.67:5672/vbctqygy, localPort=59774]
2026-02-18T00:34:46.567+05:30  INFO 20908 --- [user-service] [springCloudBus.anonymous.3Z6vZnyIRtyEkAlzAWQAcQ-3] [                                                 ] o.s.amqp.rabbit.core.RabbitAdmin         : Auto-declaring a non-durable, auto-delete, or exclusive Queue (springCloudBus.anonymous.3Z6vZnyIRtyEkAlzAWQAcQ) durable:false, auto-delete:true, exclusive:true. It will be redeclared if the broker stops and is restarted while the connection factory is alive, but all messages will be lost.
2026-02-18T00:36:02.824+05:30  INFO 20908 --- [user-service] [AsyncResolver-bootstrap-executor-%d] [                                                 ] c.n.d.s.r.aws.ConfigClusterResolver      : Resolving eureka endpoints via configuration
2026-02-18T00:41:02.832+05:30  INFO 20908 --- [user-service] [AsyncResolver-bootstrap-executor-%d] [                                                 ] c.n.d.s.r.aws.ConfigClusterResolver      : Resolving eureka endpoints via configuration
2026-02-18T00:46:02.845+05:30  INFO 20908 --- [user-service] [AsyncResolver-bootstrap-executor-%d] [                                                 ] c.n.d.s.r.aws.ConfigClusterResolver      : Resolving eureka endpoints via configuration
